13:09:44  INFO: runner.TestsRunner - ########### INSIDE BEFORE CLASS ###########
13:09:44  INFO: stepdefinitions.MasterStepDefs - Starting - E-Shop Application - Create New Account
13:09:44  INFO: stepdefinitions.MasterStepDefs - E-Shop Application - Create New Account Status - FAILED
13:09:44  INFO: stepdefinitions.MasterStepDefs - ######### Count of FAILED #########
13:09:44  INFO: stepdefinitions.MasterStepDefs - 1
13:09:44  INFO: stepdefinitions.MasterStepDefs - ######### Count of Failed #########
13:09:44  INFO: stepdefinitions.MasterStepDefs - Starting - Login to the E-Shop Application
13:09:44  INFO: stepdefinitions.MasterStepDefs - Login to the E-Shop Application Status - FAILED
13:09:44  INFO: stepdefinitions.MasterStepDefs - ######### Count of FAILED #########
13:09:44  INFO: stepdefinitions.MasterStepDefs - 2
13:09:44  INFO: stepdefinitions.MasterStepDefs - ######### Count of Failed #########
13:09:44  INFO: stepdefinitions.MasterStepDefs - Starting - Login to the E-Shop Application with Wrong Password
13:09:44  INFO: stepdefinitions.MasterStepDefs - Login to the E-Shop Application with Wrong Password Status - FAILED
13:09:44  INFO: stepdefinitions.MasterStepDefs - ######### Count of FAILED #########
13:09:44  INFO: stepdefinitions.MasterStepDefs - 3
13:09:44  INFO: stepdefinitions.MasterStepDefs - ######### Count of Failed #########
13:09:44  INFO: stepdefinitions.MasterStepDefs - Starting - Search Product
13:09:44  INFO: stepdefinitions.MasterStepDefs - Search Product Status - FAILED
13:09:44  INFO: stepdefinitions.MasterStepDefs - ######### Count of FAILED #########
13:09:44  INFO: stepdefinitions.MasterStepDefs - 4
13:09:44  INFO: stepdefinitions.MasterStepDefs - ######### Count of Failed #########
13:09:44  INFO: stepdefinitions.MasterStepDefs - Starting - Search Product
13:09:44  INFO: stepdefinitions.MasterStepDefs - Search Product Status - FAILED
13:09:44  INFO: stepdefinitions.MasterStepDefs - ######### Count of FAILED #########
13:09:44  INFO: stepdefinitions.MasterStepDefs - 5
13:09:44  INFO: stepdefinitions.MasterStepDefs - ######### Count of Failed #########
13:09:44  INFO: stepdefinitions.MasterStepDefs - Starting - Search Product
13:09:44  INFO: stepdefinitions.MasterStepDefs - Search Product Status - FAILED
13:09:44  INFO: stepdefinitions.MasterStepDefs - ######### Count of FAILED #########
13:09:44  INFO: stepdefinitions.MasterStepDefs - 6
13:09:44  INFO: stepdefinitions.MasterStepDefs - ######### Count of Failed #########
13:09:44  INFO: stepdefinitions.MasterStepDefs - Starting - Search Product
13:09:44  INFO: stepdefinitions.MasterStepDefs - Search Product Status - FAILED
13:09:44  INFO: stepdefinitions.MasterStepDefs - ######### Count of FAILED #########
13:09:44  INFO: stepdefinitions.MasterStepDefs - 7
13:09:44  INFO: stepdefinitions.MasterStepDefs - ######### Count of Failed #########
13:09:44  INFO: stepdefinitions.MasterStepDefs - Starting - Search Product
13:09:44  INFO: stepdefinitions.MasterStepDefs - Search Product Status - FAILED
13:09:44  INFO: stepdefinitions.MasterStepDefs - ######### Count of FAILED #########
13:09:44  INFO: stepdefinitions.MasterStepDefs - 8
13:09:44  INFO: stepdefinitions.MasterStepDefs - ######### Count of Failed #########
13:09:44  INFO: stepdefinitions.MasterStepDefs - Starting - Add product to the Cart
13:09:44  INFO: stepdefinitions.MasterStepDefs - Add product to the Cart Status - FAILED
13:09:44  INFO: stepdefinitions.MasterStepDefs - ######### Count of FAILED #########
13:09:44  INFO: stepdefinitions.MasterStepDefs - 9
13:09:44  INFO: stepdefinitions.MasterStepDefs - ######### Count of Failed #########
13:09:44  INFO: stepdefinitions.MasterStepDefs - Starting - Order a product
13:09:44  INFO: stepdefinitions.MasterStepDefs - Order a product Status - FAILED
13:09:44  INFO: stepdefinitions.MasterStepDefs - ######### Count of FAILED #########
13:09:44  INFO: stepdefinitions.MasterStepDefs - 10
13:09:44  INFO: stepdefinitions.MasterStepDefs - ######### Count of Failed #########
13:11:57  INFO: runner.TestsRunner - ########### INSIDE BEFORE CLASS ###########
13:11:57  INFO: stepdefinitions.MasterStepDefs - Starting - E-Shop Application - Create New Account
13:11:57  INFO: stepdefinitions.MasterStepDefs - E-Shop Application - Create New Account Status - FAILED
13:11:57  INFO: stepdefinitions.MasterStepDefs - ######### Count of FAILED #########
13:11:57  INFO: stepdefinitions.MasterStepDefs - 1
13:11:57  INFO: stepdefinitions.MasterStepDefs - ######### Count of Failed #########
13:11:57  INFO: stepdefinitions.MasterStepDefs - Starting - Login to the E-Shop Application
13:11:57  INFO: stepdefinitions.MasterStepDefs - Login to the E-Shop Application Status - FAILED
13:11:57  INFO: stepdefinitions.MasterStepDefs - ######### Count of FAILED #########
13:11:57  INFO: stepdefinitions.MasterStepDefs - 2
13:11:57  INFO: stepdefinitions.MasterStepDefs - ######### Count of Failed #########
13:11:57  INFO: stepdefinitions.MasterStepDefs - Starting - Login to the E-Shop Application with Wrong Password
13:11:57  INFO: stepdefinitions.MasterStepDefs - Login to the E-Shop Application with Wrong Password Status - FAILED
13:11:57  INFO: stepdefinitions.MasterStepDefs - ######### Count of FAILED #########
13:11:57  INFO: stepdefinitions.MasterStepDefs - 3
13:11:57  INFO: stepdefinitions.MasterStepDefs - ######### Count of Failed #########
13:11:57  INFO: stepdefinitions.MasterStepDefs - Starting - Search Product
13:11:57  INFO: stepdefinitions.MasterStepDefs - Search Product Status - FAILED
13:11:57  INFO: stepdefinitions.MasterStepDefs - ######### Count of FAILED #########
13:11:57  INFO: stepdefinitions.MasterStepDefs - 4
13:11:57  INFO: stepdefinitions.MasterStepDefs - ######### Count of Failed #########
13:11:57  INFO: stepdefinitions.MasterStepDefs - Starting - Search Product
13:11:57  INFO: stepdefinitions.MasterStepDefs - Search Product Status - FAILED
13:11:57  INFO: stepdefinitions.MasterStepDefs - ######### Count of FAILED #########
13:11:57  INFO: stepdefinitions.MasterStepDefs - 5
13:11:57  INFO: stepdefinitions.MasterStepDefs - ######### Count of Failed #########
13:11:57  INFO: stepdefinitions.MasterStepDefs - Starting - Search Product
13:11:57  INFO: stepdefinitions.MasterStepDefs - Search Product Status - FAILED
13:11:57  INFO: stepdefinitions.MasterStepDefs - ######### Count of FAILED #########
13:11:57  INFO: stepdefinitions.MasterStepDefs - 6
13:11:57  INFO: stepdefinitions.MasterStepDefs - ######### Count of Failed #########
13:11:57  INFO: stepdefinitions.MasterStepDefs - Starting - Search Product
13:11:57  INFO: stepdefinitions.MasterStepDefs - Search Product Status - FAILED
13:11:57  INFO: stepdefinitions.MasterStepDefs - ######### Count of FAILED #########
13:11:57  INFO: stepdefinitions.MasterStepDefs - 7
13:11:57  INFO: stepdefinitions.MasterStepDefs - ######### Count of Failed #########
13:11:57  INFO: stepdefinitions.MasterStepDefs - Starting - Search Product
13:11:57  INFO: stepdefinitions.MasterStepDefs - Search Product Status - FAILED
13:11:57  INFO: stepdefinitions.MasterStepDefs - ######### Count of FAILED #########
13:11:57  INFO: stepdefinitions.MasterStepDefs - 8
13:11:57  INFO: stepdefinitions.MasterStepDefs - ######### Count of Failed #########
13:11:57  INFO: stepdefinitions.MasterStepDefs - Starting - Add product to the Cart
13:11:57  INFO: stepdefinitions.MasterStepDefs - Add product to the Cart Status - FAILED
13:11:57  INFO: stepdefinitions.MasterStepDefs - ######### Count of FAILED #########
13:11:57  INFO: stepdefinitions.MasterStepDefs - 9
13:11:57  INFO: stepdefinitions.MasterStepDefs - ######### Count of Failed #########
13:11:57  INFO: stepdefinitions.MasterStepDefs - Starting - Order a product
13:11:57  INFO: stepdefinitions.MasterStepDefs - Order a product Status - FAILED
13:11:57  INFO: stepdefinitions.MasterStepDefs - ######### Count of FAILED #########
13:11:57  INFO: stepdefinitions.MasterStepDefs - 10
13:11:57  INFO: stepdefinitions.MasterStepDefs - ######### Count of Failed #########
13:13:47  INFO: runner.TestsRunner - ########### INSIDE BEFORE CLASS ###########
13:13:47  INFO: stepdefinitions.MasterStepDefs - Starting - E-Shop Application - Create New Account
13:13:47  INFO: wdm.WebDriverManager - Please answer the following questionnaire based on your experience with WebDriverManager. Thanks a lot!
13:13:47  INFO: wdm.WebDriverManager - ====> http://tiny.cc/wdm-survey <====
13:13:50  INFO: wdm.WebDriverManager - Using chromedriver 86.0.4240.22 (since Chrome 86 is installed in your machine)
13:13:50  INFO: wdm.WebDriverManager - Reading https://chromedriver.storage.googleapis.com/ to seek chromedriver
13:13:51  INFO: online.Downloader - Downloading https://chromedriver.storage.googleapis.com/86.0.4240.22/chromedriver_mac64.zip
13:14:02  INFO: online.Downloader - Extracting binary from compressed file chromedriver_mac64.zip
13:14:02  INFO: wdm.WebDriverManager - Exporting webdriver.chrome.driver as /Users/mohanrajmathavan/.m2/repository/webdriver/chromedriver/mac64/86.0.4240.22/chromedriver
13:14:07  INFO: stepdefinitions.MasterStepDefs - UI URL Fetched from POM Settings
13:14:07  INFO: stepdefinitions.MasterStepDefs - ApplicationUrl : http://awswrkshpalb-1570520390.us-west-2.elb.amazonaws.com:3000
13:14:50  INFO: stepdefinitions.MasterStepDefs - E-Shop Application - Create New Account Status - FAILED
13:14:50  INFO: stepdefinitions.MasterStepDefs - ######### Count of FAILED #########
13:14:50  INFO: stepdefinitions.MasterStepDefs - 1
13:14:50  INFO: stepdefinitions.MasterStepDefs - ######### Count of Failed #########
13:14:50  INFO: stepdefinitions.MasterStepDefs - Starting - Login to the E-Shop Application
13:14:50  INFO: wdm.WebDriverManager - Please answer the following questionnaire based on your experience with WebDriverManager. Thanks a lot!
13:14:50  INFO: wdm.WebDriverManager - ====> http://tiny.cc/wdm-survey <====
13:14:50  INFO: wdm.WebDriverManager - Using chromedriver 86.0.4240.22 (since Chrome 86 is installed in your machine)
13:14:50  INFO: wdm.WebDriverManager - Exporting webdriver.chrome.driver as /Users/mohanrajmathavan/.m2/repository/webdriver/chromedriver/mac64/86.0.4240.22/chromedriver
13:14:51  INFO: stepdefinitions.MasterStepDefs - UI URL Fetched from POM Settings
13:14:51  INFO: stepdefinitions.MasterStepDefs - ApplicationUrl : http://awswrkshpalb-1570520390.us-west-2.elb.amazonaws.com:3000
13:18:10  INFO: runner.TestsRunner - ########### INSIDE BEFORE CLASS ###########
13:18:11  INFO: stepdefinitions.MasterStepDefs - Starting - E-Shop Application - Create New Account
13:18:11  INFO: wdm.WebDriverManager - Please answer the following questionnaire based on your experience with WebDriverManager. Thanks a lot!
13:18:11  INFO: wdm.WebDriverManager - ====> http://tiny.cc/wdm-survey <====
13:18:11  INFO: wdm.WebDriverManager - Using chromedriver 86.0.4240.22 (since Chrome 86 is installed in your machine)
13:18:11  INFO: wdm.WebDriverManager - Exporting webdriver.chrome.driver as /Users/mohanrajmathavan/.m2/repository/webdriver/chromedriver/mac64/86.0.4240.22/chromedriver
13:18:12  INFO: stepdefinitions.MasterStepDefs - UI URL Fetched from POM Settings
13:18:12  INFO: stepdefinitions.MasterStepDefs - ApplicationUrl : http://awswrkshpalb-1570520390.us-west-2.elb.amazonaws.com:3000
13:18:53  INFO: stepdefinitions.MasterStepDefs - E-Shop Application - Create New Account Status - FAILED
13:18:53  INFO: stepdefinitions.MasterStepDefs - ######### Count of FAILED #########
13:18:53  INFO: stepdefinitions.MasterStepDefs - 1
13:18:53  INFO: stepdefinitions.MasterStepDefs - ######### Count of Failed #########
13:18:53  INFO: stepdefinitions.MasterStepDefs - Starting - Login to the E-Shop Application
13:18:53  INFO: wdm.WebDriverManager - Please answer the following questionnaire based on your experience with WebDriverManager. Thanks a lot!
13:18:53  INFO: wdm.WebDriverManager - ====> http://tiny.cc/wdm-survey <====
13:18:53  INFO: wdm.WebDriverManager - Using chromedriver 86.0.4240.22 (since Chrome 86 is installed in your machine)
13:18:53  INFO: wdm.WebDriverManager - Exporting webdriver.chrome.driver as /Users/mohanrajmathavan/.m2/repository/webdriver/chromedriver/mac64/86.0.4240.22/chromedriver
13:18:54  INFO: stepdefinitions.MasterStepDefs - UI URL Fetched from POM Settings
13:18:54  INFO: stepdefinitions.MasterStepDefs - ApplicationUrl : http://awswrkshpalb-1570520390.us-west-2.elb.amazonaws.com:3000
13:21:50  INFO: runner.TestsRunner - ########### INSIDE BEFORE CLASS ###########
13:21:50  INFO: stepdefinitions.MasterStepDefs - Starting - E-Shop Application - Create New Account
13:21:50  INFO: wdm.WebDriverManager - Please answer the following questionnaire based on your experience with WebDriverManager. Thanks a lot!
13:21:50  INFO: wdm.WebDriverManager - ====> http://tiny.cc/wdm-survey <====
13:21:51  INFO: wdm.WebDriverManager - Using chromedriver 86.0.4240.22 (since Chrome 86 is installed in your machine)
13:21:51  INFO: wdm.WebDriverManager - Exporting webdriver.chrome.driver as /Users/mohanrajmathavan/.m2/repository/webdriver/chromedriver/mac64/86.0.4240.22/chromedriver
13:21:54  INFO: stepdefinitions.MasterStepDefs - UI URL Fetched from POM Settings
13:21:54  INFO: stepdefinitions.MasterStepDefs - ApplicationUrl : http://awswrkshpalb-1570520390.us-west-2.elb.amazonaws.com:3000
13:22:08  INFO: stepdefinitions.MasterStepDefs - E-Shop Application - Create New Account Status - PASSED
13:22:08  INFO: stepdefinitions.MasterStepDefs - ######### Count of Passed #########
13:22:08  INFO: stepdefinitions.MasterStepDefs - 1
13:22:08  INFO: stepdefinitions.MasterStepDefs - ######### Count of passed #########
13:22:08  INFO: stepdefinitions.MasterStepDefs - Starting - Login to the E-Shop Application
13:22:08  INFO: wdm.WebDriverManager - Please answer the following questionnaire based on your experience with WebDriverManager. Thanks a lot!
13:22:08  INFO: wdm.WebDriverManager - ====> http://tiny.cc/wdm-survey <====
13:22:08  INFO: wdm.WebDriverManager - Using chromedriver 86.0.4240.22 (since Chrome 86 is installed in your machine)
13:22:08  INFO: wdm.WebDriverManager - Exporting webdriver.chrome.driver as /Users/mohanrajmathavan/.m2/repository/webdriver/chromedriver/mac64/86.0.4240.22/chromedriver
13:22:09  INFO: stepdefinitions.MasterStepDefs - UI URL Fetched from POM Settings
13:22:09  INFO: stepdefinitions.MasterStepDefs - ApplicationUrl : http://awswrkshpalb-1570520390.us-west-2.elb.amazonaws.com:3000
13:22:58  INFO: stepdefinitions.MasterStepDefs - Login to the E-Shop Application Status - PASSED
13:22:58  INFO: stepdefinitions.MasterStepDefs - ######### Count of Passed #########
13:22:58  INFO: stepdefinitions.MasterStepDefs - 2
13:22:58  INFO: stepdefinitions.MasterStepDefs - ######### Count of passed #########
13:22:58  INFO: stepdefinitions.MasterStepDefs - Starting - Login to the E-Shop Application with Wrong Password
13:22:58  INFO: wdm.WebDriverManager - Please answer the following questionnaire based on your experience with WebDriverManager. Thanks a lot!
13:22:58  INFO: wdm.WebDriverManager - ====> http://tiny.cc/wdm-survey <====
13:22:58  INFO: wdm.WebDriverManager - Using chromedriver 86.0.4240.22 (since Chrome 86 is installed in your machine)
13:22:58  INFO: wdm.WebDriverManager - Exporting webdriver.chrome.driver as /Users/mohanrajmathavan/.m2/repository/webdriver/chromedriver/mac64/86.0.4240.22/chromedriver
13:22:59  INFO: stepdefinitions.MasterStepDefs - UI URL Fetched from POM Settings
13:22:59  INFO: stepdefinitions.MasterStepDefs - ApplicationUrl : http://awswrkshpalb-1570520390.us-west-2.elb.amazonaws.com:3000
13:23:18  INFO: stepdefinitions.MasterStepDefs - Login to the E-Shop Application with Wrong Password Status - PASSED
13:23:18  INFO: stepdefinitions.MasterStepDefs - ######### Count of Passed #########
13:23:18  INFO: stepdefinitions.MasterStepDefs - 3
13:23:18  INFO: stepdefinitions.MasterStepDefs - ######### Count of passed #########
13:23:18  INFO: stepdefinitions.MasterStepDefs - Starting - Search Product
13:23:18  INFO: wdm.WebDriverManager - Please answer the following questionnaire based on your experience with WebDriverManager. Thanks a lot!
13:23:18  INFO: wdm.WebDriverManager - ====> http://tiny.cc/wdm-survey <====
13:23:18  INFO: wdm.WebDriverManager - Using chromedriver 86.0.4240.22 (since Chrome 86 is installed in your machine)
13:23:18  INFO: wdm.WebDriverManager - Exporting webdriver.chrome.driver as /Users/mohanrajmathavan/.m2/repository/webdriver/chromedriver/mac64/86.0.4240.22/chromedriver
13:23:19  INFO: stepdefinitions.MasterStepDefs - UI URL Fetched from POM Settings
13:23:19  INFO: stepdefinitions.MasterStepDefs - ApplicationUrl : http://awswrkshpalb-1570520390.us-west-2.elb.amazonaws.com:3000
13:24:02  INFO: stepdefinitions.MasterStepDefs - Search Product Status - FAILED
13:24:02  INFO: stepdefinitions.MasterStepDefs - ######### Count of FAILED #########
13:24:02  INFO: stepdefinitions.MasterStepDefs - 1
13:24:02  INFO: stepdefinitions.MasterStepDefs - ######### Count of Failed #########
13:24:02  INFO: stepdefinitions.MasterStepDefs - Starting - Search Product
13:24:02  INFO: wdm.WebDriverManager - Please answer the following questionnaire based on your experience with WebDriverManager. Thanks a lot!
13:24:02  INFO: wdm.WebDriverManager - ====> http://tiny.cc/wdm-survey <====
13:24:02  INFO: wdm.WebDriverManager - Using chromedriver 86.0.4240.22 (since Chrome 86 is installed in your machine)
13:24:02  INFO: wdm.WebDriverManager - Exporting webdriver.chrome.driver as /Users/mohanrajmathavan/.m2/repository/webdriver/chromedriver/mac64/86.0.4240.22/chromedriver
13:24:03  INFO: stepdefinitions.MasterStepDefs - UI URL Fetched from POM Settings
13:24:03  INFO: stepdefinitions.MasterStepDefs - ApplicationUrl : http://awswrkshpalb-1570520390.us-west-2.elb.amazonaws.com:3000
13:24:46  INFO: stepdefinitions.MasterStepDefs - Search Product Status - FAILED
13:24:46  INFO: stepdefinitions.MasterStepDefs - ######### Count of FAILED #########
13:24:46  INFO: stepdefinitions.MasterStepDefs - 2
13:24:46  INFO: stepdefinitions.MasterStepDefs - ######### Count of Failed #########
13:24:46  INFO: stepdefinitions.MasterStepDefs - Starting - Search Product
13:24:46  INFO: wdm.WebDriverManager - Please answer the following questionnaire based on your experience with WebDriverManager. Thanks a lot!
13:24:46  INFO: wdm.WebDriverManager - ====> http://tiny.cc/wdm-survey <====
13:24:46  INFO: wdm.WebDriverManager - Using chromedriver 86.0.4240.22 (since Chrome 86 is installed in your machine)
13:24:46  INFO: wdm.WebDriverManager - Exporting webdriver.chrome.driver as /Users/mohanrajmathavan/.m2/repository/webdriver/chromedriver/mac64/86.0.4240.22/chromedriver
13:24:47  INFO: stepdefinitions.MasterStepDefs - UI URL Fetched from POM Settings
13:24:47  INFO: stepdefinitions.MasterStepDefs - ApplicationUrl : http://awswrkshpalb-1570520390.us-west-2.elb.amazonaws.com:3000
13:25:30  INFO: stepdefinitions.MasterStepDefs - Search Product Status - FAILED
13:25:30  INFO: stepdefinitions.MasterStepDefs - ######### Count of FAILED #########
13:25:30  INFO: stepdefinitions.MasterStepDefs - 3
13:25:30  INFO: stepdefinitions.MasterStepDefs - ######### Count of Failed #########
13:25:30  INFO: stepdefinitions.MasterStepDefs - Starting - Search Product
13:25:30  INFO: wdm.WebDriverManager - Please answer the following questionnaire based on your experience with WebDriverManager. Thanks a lot!
13:25:30  INFO: wdm.WebDriverManager - ====> http://tiny.cc/wdm-survey <====
13:25:30  INFO: wdm.WebDriverManager - Using chromedriver 86.0.4240.22 (since Chrome 86 is installed in your machine)
13:25:30  INFO: wdm.WebDriverManager - Exporting webdriver.chrome.driver as /Users/mohanrajmathavan/.m2/repository/webdriver/chromedriver/mac64/86.0.4240.22/chromedriver
13:25:31  INFO: stepdefinitions.MasterStepDefs - UI URL Fetched from POM Settings
13:25:31  INFO: stepdefinitions.MasterStepDefs - ApplicationUrl : http://awswrkshpalb-1570520390.us-west-2.elb.amazonaws.com:3000
13:25:32  INFO: stepdefinitions.MasterStepDefs - Search Product Status - FAILED
13:25:32  INFO: stepdefinitions.MasterStepDefs - ######### Count of FAILED #########
13:25:32  INFO: stepdefinitions.MasterStepDefs - 4
13:25:32  INFO: stepdefinitions.MasterStepDefs - ######### Count of Failed #########
13:25:32  INFO: stepdefinitions.MasterStepDefs - Starting - Search Product
13:25:32  INFO: wdm.WebDriverManager - Please answer the following questionnaire based on your experience with WebDriverManager. Thanks a lot!
13:25:32  INFO: wdm.WebDriverManager - ====> http://tiny.cc/wdm-survey <====
13:25:32  INFO: wdm.WebDriverManager - Using chromedriver 86.0.4240.22 (since Chrome 86 is installed in your machine)
13:25:32  INFO: wdm.WebDriverManager - Exporting webdriver.chrome.driver as /Users/mohanrajmathavan/.m2/repository/webdriver/chromedriver/mac64/86.0.4240.22/chromedriver
13:25:33  INFO: stepdefinitions.MasterStepDefs - UI URL Fetched from POM Settings
13:25:33  INFO: stepdefinitions.MasterStepDefs - ApplicationUrl : http://awswrkshpalb-1570520390.us-west-2.elb.amazonaws.com:3000
13:25:35  INFO: stepdefinitions.MasterStepDefs - Search Product Status - FAILED
13:25:35  INFO: stepdefinitions.MasterStepDefs - ######### Count of FAILED #########
13:25:35  INFO: stepdefinitions.MasterStepDefs - 5
13:25:35  INFO: stepdefinitions.MasterStepDefs - ######### Count of Failed #########
13:25:35  INFO: stepdefinitions.MasterStepDefs - Starting - Add product to the Cart
13:25:35  INFO: wdm.WebDriverManager - Please answer the following questionnaire based on your experience with WebDriverManager. Thanks a lot!
13:25:35  INFO: wdm.WebDriverManager - ====> http://tiny.cc/wdm-survey <====
13:25:35  INFO: wdm.WebDriverManager - Using chromedriver 86.0.4240.22 (since Chrome 86 is installed in your machine)
13:25:35  INFO: wdm.WebDriverManager - Exporting webdriver.chrome.driver as /Users/mohanrajmathavan/.m2/repository/webdriver/chromedriver/mac64/86.0.4240.22/chromedriver
13:25:36  INFO: stepdefinitions.MasterStepDefs - UI URL Fetched from POM Settings
13:25:36  INFO: stepdefinitions.MasterStepDefs - ApplicationUrl : http://awswrkshpalb-1570520390.us-west-2.elb.amazonaws.com:3000
13:25:39  INFO: stepdefinitions.MasterStepDefs - Add product to the Cart Status - FAILED
13:25:39  INFO: stepdefinitions.MasterStepDefs - ######### Count of FAILED #########
13:25:39  INFO: stepdefinitions.MasterStepDefs - 6
13:25:39  INFO: stepdefinitions.MasterStepDefs - ######### Count of Failed #########
13:25:39  INFO: stepdefinitions.MasterStepDefs - Starting - Order a product
13:25:39  INFO: wdm.WebDriverManager - Please answer the following questionnaire based on your experience with WebDriverManager. Thanks a lot!
13:25:39  INFO: wdm.WebDriverManager - ====> http://tiny.cc/wdm-survey <====
13:25:39  INFO: wdm.WebDriverManager - Using chromedriver 86.0.4240.22 (since Chrome 86 is installed in your machine)
13:25:39  INFO: wdm.WebDriverManager - Exporting webdriver.chrome.driver as /Users/mohanrajmathavan/.m2/repository/webdriver/chromedriver/mac64/86.0.4240.22/chromedriver
13:25:40  INFO: stepdefinitions.MasterStepDefs - UI URL Fetched from POM Settings
13:25:40  INFO: stepdefinitions.MasterStepDefs - ApplicationUrl : http://awswrkshpalb-1570520390.us-west-2.elb.amazonaws.com:3000
13:25:41  INFO: stepdefinitions.MasterStepDefs - Order a product Status - FAILED
13:25:41  INFO: stepdefinitions.MasterStepDefs - ######### Count of FAILED #########
13:25:41  INFO: stepdefinitions.MasterStepDefs - 7
13:25:41  INFO: stepdefinitions.MasterStepDefs - ######### Count of Failed #########
13:29:27  INFO: runner.TestsRunner - ########### INSIDE BEFORE CLASS ###########
13:29:27  INFO: stepdefinitions.MasterStepDefs - Starting - E-Shop Application - Create New Account
13:29:27  INFO: wdm.WebDriverManager - Please answer the following questionnaire based on your experience with WebDriverManager. Thanks a lot!
13:29:27  INFO: wdm.WebDriverManager - ====> http://tiny.cc/wdm-survey <====
13:29:27  INFO: wdm.WebDriverManager - Using chromedriver 86.0.4240.22 (since Chrome 86 is installed in your machine)
13:29:27  INFO: wdm.WebDriverManager - Exporting webdriver.chrome.driver as /Users/mohanrajmathavan/.m2/repository/webdriver/chromedriver/mac64/86.0.4240.22/chromedriver
13:29:30  INFO: stepdefinitions.MasterStepDefs - UI URL Fetched from POM Settings
13:29:30  INFO: stepdefinitions.MasterStepDefs - ApplicationUrl : http://awswrkshpalb-1570520390.us-west-2.elb.amazonaws.com:3000
13:30:11  INFO: stepdefinitions.MasterStepDefs - E-Shop Application - Create New Account Status - FAILED
13:30:11  INFO: stepdefinitions.MasterStepDefs - ######### Count of FAILED #########
13:30:11  INFO: stepdefinitions.MasterStepDefs - 1
13:30:11  INFO: stepdefinitions.MasterStepDefs - ######### Count of Failed #########
13:33:44  INFO: runner.TestsRunner - ########### INSIDE BEFORE CLASS ###########
13:33:44  INFO: stepdefinitions.MasterStepDefs - Starting - E-Shop Application - Create New Account
13:33:44  INFO: wdm.WebDriverManager - Please answer the following questionnaire based on your experience with WebDriverManager. Thanks a lot!
13:33:44  INFO: wdm.WebDriverManager - ====> http://tiny.cc/wdm-survey <====
13:33:44  INFO: wdm.WebDriverManager - Using chromedriver 86.0.4240.22 (since Chrome 86 is installed in your machine)
13:33:44  INFO: wdm.WebDriverManager - Exporting webdriver.chrome.driver as /Users/mohanrajmathavan/.m2/repository/webdriver/chromedriver/mac64/86.0.4240.22/chromedriver
13:33:46  INFO: stepdefinitions.MasterStepDefs - UI URL Fetched from POM Settings
13:33:46  INFO: stepdefinitions.MasterStepDefs - ApplicationUrl : http://awswrkshpalb-1570520390.us-west-2.elb.amazonaws.com:3000
13:34:02  INFO: stepdefinitions.MasterStepDefs - E-Shop Application - Create New Account Status - PASSED
13:34:02  INFO: stepdefinitions.MasterStepDefs - ######### Count of Passed #########
13:34:02  INFO: stepdefinitions.MasterStepDefs - 1
13:34:02  INFO: stepdefinitions.MasterStepDefs - ######### Count of passed #########
13:34:03  INFO: stepdefinitions.MasterStepDefs - Starting - Login to the E-Shop Application
13:34:03  INFO: wdm.WebDriverManager - Please answer the following questionnaire based on your experience with WebDriverManager. Thanks a lot!
13:34:03  INFO: wdm.WebDriverManager - ====> http://tiny.cc/wdm-survey <====
13:34:03  INFO: wdm.WebDriverManager - Using chromedriver 86.0.4240.22 (since Chrome 86 is installed in your machine)
13:34:03  INFO: wdm.WebDriverManager - Exporting webdriver.chrome.driver as /Users/mohanrajmathavan/.m2/repository/webdriver/chromedriver/mac64/86.0.4240.22/chromedriver
13:34:04  INFO: stepdefinitions.MasterStepDefs - UI URL Fetched from POM Settings
13:34:04  INFO: stepdefinitions.MasterStepDefs - ApplicationUrl : http://awswrkshpalb-1570520390.us-west-2.elb.amazonaws.com:3000
13:34:18  INFO: stepdefinitions.MasterStepDefs - Login to the E-Shop Application Status - PASSED
13:34:18  INFO: stepdefinitions.MasterStepDefs - ######### Count of Passed #########
13:34:18  INFO: stepdefinitions.MasterStepDefs - 2
13:34:18  INFO: stepdefinitions.MasterStepDefs - ######### Count of passed #########
13:34:18  INFO: stepdefinitions.MasterStepDefs - Starting - Login to the E-Shop Application with Wrong Password
13:34:18  INFO: wdm.WebDriverManager - Please answer the following questionnaire based on your experience with WebDriverManager. Thanks a lot!
13:34:18  INFO: wdm.WebDriverManager - ====> http://tiny.cc/wdm-survey <====
13:34:18  INFO: wdm.WebDriverManager - Using chromedriver 86.0.4240.22 (since Chrome 86 is installed in your machine)
13:34:18  INFO: wdm.WebDriverManager - Exporting webdriver.chrome.driver as /Users/mohanrajmathavan/.m2/repository/webdriver/chromedriver/mac64/86.0.4240.22/chromedriver
13:34:19  INFO: stepdefinitions.MasterStepDefs - UI URL Fetched from POM Settings
13:34:19  INFO: stepdefinitions.MasterStepDefs - ApplicationUrl : http://awswrkshpalb-1570520390.us-west-2.elb.amazonaws.com:3000
13:34:35  INFO: stepdefinitions.MasterStepDefs - Login to the E-Shop Application with Wrong Password Status - PASSED
13:34:35  INFO: stepdefinitions.MasterStepDefs - ######### Count of Passed #########
13:34:35  INFO: stepdefinitions.MasterStepDefs - 3
13:34:35  INFO: stepdefinitions.MasterStepDefs - ######### Count of passed #########
13:34:35  INFO: stepdefinitions.MasterStepDefs - Starting - Search Product
13:34:35  INFO: wdm.WebDriverManager - Please answer the following questionnaire based on your experience with WebDriverManager. Thanks a lot!
13:34:35  INFO: wdm.WebDriverManager - ====> http://tiny.cc/wdm-survey <====
13:34:35  INFO: wdm.WebDriverManager - Using chromedriver 86.0.4240.22 (since Chrome 86 is installed in your machine)
13:34:35  INFO: wdm.WebDriverManager - Exporting webdriver.chrome.driver as /Users/mohanrajmathavan/.m2/repository/webdriver/chromedriver/mac64/86.0.4240.22/chromedriver
13:34:36  INFO: stepdefinitions.MasterStepDefs - UI URL Fetched from POM Settings
13:34:36  INFO: stepdefinitions.MasterStepDefs - ApplicationUrl : http://awswrkshpalb-1570520390.us-west-2.elb.amazonaws.com:3000
13:35:21  INFO: stepdefinitions.MasterStepDefs - Search Product Status - FAILED
13:35:21  INFO: stepdefinitions.MasterStepDefs - ######### Count of FAILED #########
13:35:21  INFO: stepdefinitions.MasterStepDefs - 1
13:35:21  INFO: stepdefinitions.MasterStepDefs - ######### Count of Failed #########
17:36:39  INFO: runner.TestsRunner - ########### INSIDE BEFORE CLASS ###########
17:36:40  INFO: stepdefinitions.MasterStepDefs - Starting - Login to the E-Shop Application with Wrong Password
17:36:40  INFO: stepdefinitions.MasterStepDefs - Login to the E-Shop Application with Wrong Password Status - FAILED
17:36:40  INFO: stepdefinitions.MasterStepDefs - ######### Count of FAILED #########
17:36:40  INFO: stepdefinitions.MasterStepDefs - 1
17:36:40  INFO: stepdefinitions.MasterStepDefs - ######### Count of Failed #########
17:38:46  INFO: runner.TestsRunner - ########### INSIDE BEFORE CLASS ###########
17:38:46  INFO: stepdefinitions.MasterStepDefs - Starting - Login to the E-Shop Application with Wrong Password
17:38:46  INFO: wdm.WebDriverManager - Please answer the following questionnaire based on your experience with WebDriverManager. Thanks a lot!
17:38:46  INFO: wdm.WebDriverManager - ====> http://tiny.cc/wdm-survey <====
17:38:46  INFO: wdm.WebDriverManager - Using chromedriver 86.0.4240.22 (since Chrome 86 is installed in your machine)
17:38:46  INFO: wdm.WebDriverManager - Exporting webdriver.chrome.driver as /Users/mohanrajmathavan/.m2/repository/webdriver/chromedriver/mac64/86.0.4240.22/chromedriver
17:38:49  INFO: stepdefinitions.MasterStepDefs - UI URL Fetched from POM Settings
17:38:49  INFO: stepdefinitions.MasterStepDefs - ApplicationUrl : http://awswrkshpalb-1570520390.us-west-2.elb.amazonaws.com:3000
17:39:04  INFO: stepdefinitions.MasterStepDefs - Login to the E-Shop Application with Wrong Password Status - PASSED
17:39:04  INFO: stepdefinitions.MasterStepDefs - ######### Count of Passed #########
17:39:04  INFO: stepdefinitions.MasterStepDefs - 1
17:39:04  INFO: stepdefinitions.MasterStepDefs - ######### Count of passed #########
17:40:13  INFO: runner.TestsRunner - ########### INSIDE BEFORE CLASS ###########
17:40:14  INFO: stepdefinitions.MasterStepDefs - Starting - E-Shop Application - Create New Account
17:40:14  INFO: wdm.WebDriverManager - Please answer the following questionnaire based on your experience with WebDriverManager. Thanks a lot!
17:40:14  INFO: wdm.WebDriverManager - ====> http://tiny.cc/wdm-survey <====
17:40:14  INFO: wdm.WebDriverManager - Using chromedriver 86.0.4240.22 (since Chrome 86 is installed in your machine)
17:40:14  INFO: wdm.WebDriverManager - Exporting webdriver.chrome.driver as /Users/mohanrajmathavan/.m2/repository/webdriver/chromedriver/mac64/86.0.4240.22/chromedriver
17:40:15  INFO: stepdefinitions.MasterStepDefs - UI URL Fetched from POM Settings
17:40:15  INFO: stepdefinitions.MasterStepDefs - ApplicationUrl : http://awswrkshpalb-1570520390.us-west-2.elb.amazonaws.com:3000
17:40:26  INFO: stepdefinitions.MasterStepDefs - E-Shop Application - Create New Account Status - PASSED
17:40:26  INFO: stepdefinitions.MasterStepDefs - ######### Count of Passed #########
17:40:26  INFO: stepdefinitions.MasterStepDefs - 1
17:40:26  INFO: stepdefinitions.MasterStepDefs - ######### Count of passed #########
17:40:26  INFO: stepdefinitions.MasterStepDefs - Starting - Login to the E-Shop Application
17:40:26  INFO: wdm.WebDriverManager - Please answer the following questionnaire based on your experience with WebDriverManager. Thanks a lot!
17:40:26  INFO: wdm.WebDriverManager - ====> http://tiny.cc/wdm-survey <====
17:40:26  INFO: wdm.WebDriverManager - Using chromedriver 86.0.4240.22 (since Chrome 86 is installed in your machine)
17:40:26  INFO: wdm.WebDriverManager - Exporting webdriver.chrome.driver as /Users/mohanrajmathavan/.m2/repository/webdriver/chromedriver/mac64/86.0.4240.22/chromedriver
17:40:27  INFO: stepdefinitions.MasterStepDefs - UI URL Fetched from POM Settings
17:40:27  INFO: stepdefinitions.MasterStepDefs - ApplicationUrl : http://awswrkshpalb-1570520390.us-west-2.elb.amazonaws.com:3000
17:40:33  INFO: stepdefinitions.MasterStepDefs - Login to the E-Shop Application Status - FAILED
17:40:33  INFO: stepdefinitions.MasterStepDefs - ######### Count of FAILED #########
17:40:33  INFO: stepdefinitions.MasterStepDefs - 1
17:40:33  INFO: stepdefinitions.MasterStepDefs - ######### Count of Failed #########
17:42:38  INFO: runner.TestsRunner - ########### INSIDE BEFORE CLASS ###########
17:42:38  INFO: stepdefinitions.MasterStepDefs - Starting - E-Shop Application - Create New Account
17:42:38  INFO: wdm.WebDriverManager - Please answer the following questionnaire based on your experience with WebDriverManager. Thanks a lot!
17:42:38  INFO: wdm.WebDriverManager - ====> http://tiny.cc/wdm-survey <====
17:42:38  INFO: wdm.WebDriverManager - Using chromedriver 86.0.4240.22 (since Chrome 86 is installed in your machine)
17:42:38  INFO: wdm.WebDriverManager - Exporting webdriver.chrome.driver as /Users/mohanrajmathavan/.m2/repository/webdriver/chromedriver/mac64/86.0.4240.22/chromedriver
17:42:40  INFO: stepdefinitions.MasterStepDefs - UI URL Fetched from POM Settings
17:42:40  INFO: stepdefinitions.MasterStepDefs - ApplicationUrl : http://awswrkshpalb-1570520390.us-west-2.elb.amazonaws.com:3000
17:42:50  INFO: stepdefinitions.MasterStepDefs - E-Shop Application - Create New Account Status - PASSED
17:42:50  INFO: stepdefinitions.MasterStepDefs - ######### Count of Passed #########
17:42:50  INFO: stepdefinitions.MasterStepDefs - 1
17:42:50  INFO: stepdefinitions.MasterStepDefs - ######### Count of passed #########
17:42:50  INFO: stepdefinitions.MasterStepDefs - Starting - Login to the E-Shop Application
17:42:50  INFO: wdm.WebDriverManager - Please answer the following questionnaire based on your experience with WebDriverManager. Thanks a lot!
17:42:50  INFO: wdm.WebDriverManager - ====> http://tiny.cc/wdm-survey <====
17:42:50  INFO: wdm.WebDriverManager - Using chromedriver 86.0.4240.22 (since Chrome 86 is installed in your machine)
17:42:50  INFO: wdm.WebDriverManager - Exporting webdriver.chrome.driver as /Users/mohanrajmathavan/.m2/repository/webdriver/chromedriver/mac64/86.0.4240.22/chromedriver
17:42:51  INFO: stepdefinitions.MasterStepDefs - UI URL Fetched from POM Settings
17:42:51  INFO: stepdefinitions.MasterStepDefs - ApplicationUrl : http://awswrkshpalb-1570520390.us-west-2.elb.amazonaws.com:3000
17:43:03  INFO: stepdefinitions.MasterStepDefs - Login to the E-Shop Application Status - PASSED
17:43:03  INFO: stepdefinitions.MasterStepDefs - ######### Count of Passed #########
17:43:03  INFO: stepdefinitions.MasterStepDefs - 2
17:43:03  INFO: stepdefinitions.MasterStepDefs - ######### Count of passed #########
17:43:03  INFO: stepdefinitions.MasterStepDefs - Starting - Login to the E-Shop Application with Wrong Password
17:43:03  INFO: wdm.WebDriverManager - Please answer the following questionnaire based on your experience with WebDriverManager. Thanks a lot!
17:43:03  INFO: wdm.WebDriverManager - ====> http://tiny.cc/wdm-survey <====
17:43:03  INFO: wdm.WebDriverManager - Using chromedriver 86.0.4240.22 (since Chrome 86 is installed in your machine)
17:43:03  INFO: wdm.WebDriverManager - Exporting webdriver.chrome.driver as /Users/mohanrajmathavan/.m2/repository/webdriver/chromedriver/mac64/86.0.4240.22/chromedriver
17:43:04  INFO: stepdefinitions.MasterStepDefs - UI URL Fetched from POM Settings
17:43:04  INFO: stepdefinitions.MasterStepDefs - ApplicationUrl : http://awswrkshpalb-1570520390.us-west-2.elb.amazonaws.com:3000
17:43:14  INFO: stepdefinitions.MasterStepDefs - Login to the E-Shop Application with Wrong Password Status - PASSED
17:43:14  INFO: stepdefinitions.MasterStepDefs - ######### Count of Passed #########
17:43:14  INFO: stepdefinitions.MasterStepDefs - 3
17:43:14  INFO: stepdefinitions.MasterStepDefs - ######### Count of passed #########
17:43:14  INFO: stepdefinitions.MasterStepDefs - Starting - Search Product
17:43:14  INFO: wdm.WebDriverManager - Please answer the following questionnaire based on your experience with WebDriverManager. Thanks a lot!
17:43:14  INFO: wdm.WebDriverManager - ====> http://tiny.cc/wdm-survey <====
17:43:14  INFO: wdm.WebDriverManager - Using chromedriver 86.0.4240.22 (since Chrome 86 is installed in your machine)
17:43:14  INFO: wdm.WebDriverManager - Exporting webdriver.chrome.driver as /Users/mohanrajmathavan/.m2/repository/webdriver/chromedriver/mac64/86.0.4240.22/chromedriver
17:43:15  INFO: stepdefinitions.MasterStepDefs - UI URL Fetched from POM Settings
17:43:15  INFO: stepdefinitions.MasterStepDefs - ApplicationUrl : http://awswrkshpalb-1570520390.us-west-2.elb.amazonaws.com:3000
17:43:47  INFO: stepdefinitions.MasterStepDefs - Search Product Status - FAILED
17:43:47  INFO: stepdefinitions.MasterStepDefs - ######### Count of FAILED #########
17:43:47  INFO: stepdefinitions.MasterStepDefs - 1
17:43:47  INFO: stepdefinitions.MasterStepDefs - ######### Count of Failed #########
17:43:47  INFO: stepdefinitions.MasterStepDefs - Starting - Search Product
17:43:47  INFO: wdm.WebDriverManager - Please answer the following questionnaire based on your experience with WebDriverManager. Thanks a lot!
17:43:47  INFO: wdm.WebDriverManager - ====> http://tiny.cc/wdm-survey <====
17:43:47  INFO: wdm.WebDriverManager - Using chromedriver 86.0.4240.22 (since Chrome 86 is installed in your machine)
17:43:47  INFO: wdm.WebDriverManager - Exporting webdriver.chrome.driver as /Users/mohanrajmathavan/.m2/repository/webdriver/chromedriver/mac64/86.0.4240.22/chromedriver
17:43:48  INFO: stepdefinitions.MasterStepDefs - UI URL Fetched from POM Settings
17:43:48  INFO: stepdefinitions.MasterStepDefs - ApplicationUrl : http://awswrkshpalb-1570520390.us-west-2.elb.amazonaws.com:3000
17:44:10  INFO: stepdefinitions.MasterStepDefs - Search Product Status - FAILED
17:44:10  INFO: stepdefinitions.MasterStepDefs - ######### Count of FAILED #########
17:44:10  INFO: stepdefinitions.MasterStepDefs - 2
17:44:10  INFO: stepdefinitions.MasterStepDefs - ######### Count of Failed #########
17:44:10  INFO: stepdefinitions.MasterStepDefs - Starting - Search Product
17:44:10  INFO: wdm.WebDriverManager - Please answer the following questionnaire based on your experience with WebDriverManager. Thanks a lot!
17:44:10  INFO: wdm.WebDriverManager - ====> http://tiny.cc/wdm-survey <====
17:44:10  INFO: wdm.WebDriverManager - Using chromedriver 86.0.4240.22 (since Chrome 86 is installed in your machine)
17:44:10  INFO: wdm.WebDriverManager - Exporting webdriver.chrome.driver as /Users/mohanrajmathavan/.m2/repository/webdriver/chromedriver/mac64/86.0.4240.22/chromedriver
17:44:12  INFO: stepdefinitions.MasterStepDefs - UI URL Fetched from POM Settings
17:44:12  INFO: stepdefinitions.MasterStepDefs - ApplicationUrl : http://awswrkshpalb-1570520390.us-west-2.elb.amazonaws.com:3000
17:44:52  INFO: stepdefinitions.MasterStepDefs - Search Product Status - FAILED
17:44:52  INFO: stepdefinitions.MasterStepDefs - ######### Count of FAILED #########
17:44:52  INFO: stepdefinitions.MasterStepDefs - 3
17:44:52  INFO: stepdefinitions.MasterStepDefs - ######### Count of Failed #########
17:44:52  INFO: stepdefinitions.MasterStepDefs - Starting - Add product to the Cart
17:44:52  INFO: wdm.WebDriverManager - Please answer the following questionnaire based on your experience with WebDriverManager. Thanks a lot!
17:44:52  INFO: wdm.WebDriverManager - ====> http://tiny.cc/wdm-survey <====
17:44:52  INFO: wdm.WebDriverManager - Using chromedriver 86.0.4240.22 (since Chrome 86 is installed in your machine)
17:44:52  INFO: wdm.WebDriverManager - Exporting webdriver.chrome.driver as /Users/mohanrajmathavan/.m2/repository/webdriver/chromedriver/mac64/86.0.4240.22/chromedriver
17:44:53  INFO: stepdefinitions.MasterStepDefs - UI URL Fetched from POM Settings
17:44:53  INFO: stepdefinitions.MasterStepDefs - ApplicationUrl : http://awswrkshpalb-1570520390.us-west-2.elb.amazonaws.com:3000
17:44:55  INFO: stepdefinitions.MasterStepDefs - Add product to the Cart Status - FAILED
17:44:55  INFO: stepdefinitions.MasterStepDefs - ######### Count of FAILED #########
17:44:55  INFO: stepdefinitions.MasterStepDefs - 4
17:44:55  INFO: stepdefinitions.MasterStepDefs - ######### Count of Failed #########
17:44:55  INFO: stepdefinitions.MasterStepDefs - Starting - Order a product
17:44:55  INFO: wdm.WebDriverManager - Please answer the following questionnaire based on your experience with WebDriverManager. Thanks a lot!
17:44:55  INFO: wdm.WebDriverManager - ====> http://tiny.cc/wdm-survey <====
17:44:55  INFO: wdm.WebDriverManager - Using chromedriver 86.0.4240.22 (since Chrome 86 is installed in your machine)
17:44:55  INFO: wdm.WebDriverManager - Exporting webdriver.chrome.driver as /Users/mohanrajmathavan/.m2/repository/webdriver/chromedriver/mac64/86.0.4240.22/chromedriver
17:44:56  INFO: stepdefinitions.MasterStepDefs - UI URL Fetched from POM Settings
17:44:56  INFO: stepdefinitions.MasterStepDefs - ApplicationUrl : http://awswrkshpalb-1570520390.us-west-2.elb.amazonaws.com:3000
17:45:09  INFO: stepdefinitions.MasterStepDefs - Order a product Status - FAILED
17:45:09  INFO: stepdefinitions.MasterStepDefs - ######### Count of FAILED #########
17:45:09  INFO: stepdefinitions.MasterStepDefs - 5
17:45:09  INFO: stepdefinitions.MasterStepDefs - ######### Count of Failed #########
17:49:14  INFO: runner.TestsRunner - ########### INSIDE BEFORE CLASS ###########
17:49:14  INFO: stepdefinitions.MasterStepDefs - Starting - E-Shop Application - Create New Account
17:49:14  INFO: wdm.WebDriverManager - Please answer the following questionnaire based on your experience with WebDriverManager. Thanks a lot!
17:49:14  INFO: wdm.WebDriverManager - ====> http://tiny.cc/wdm-survey <====
17:49:14  INFO: wdm.WebDriverManager - Using chromedriver 86.0.4240.22 (since Chrome 86 is installed in your machine)
17:49:14  INFO: wdm.WebDriverManager - Exporting webdriver.chrome.driver as /Users/mohanrajmathavan/.m2/repository/webdriver/chromedriver/mac64/86.0.4240.22/chromedriver
17:49:16  INFO: stepdefinitions.MasterStepDefs - UI URL Fetched from POM Settings
17:49:16  INFO: stepdefinitions.MasterStepDefs - ApplicationUrl : http://awswrkshpalb-1570520390.us-west-2.elb.amazonaws.com:3000
17:49:29  INFO: stepdefinitions.MasterStepDefs - E-Shop Application - Create New Account Status - PASSED
17:49:29  INFO: stepdefinitions.MasterStepDefs - ######### Count of Passed #########
17:49:29  INFO: stepdefinitions.MasterStepDefs - 1
17:49:29  INFO: stepdefinitions.MasterStepDefs - ######### Count of passed #########
17:50:14  INFO: runner.TestsRunner - ########### INSIDE BEFORE CLASS ###########
17:50:14  INFO: stepdefinitions.MasterStepDefs - Starting - E-Shop Application - Create New Account
17:50:14  INFO: wdm.WebDriverManager - Please answer the following questionnaire based on your experience with WebDriverManager. Thanks a lot!
17:50:14  INFO: wdm.WebDriverManager - ====> http://tiny.cc/wdm-survey <====
17:50:15  INFO: wdm.WebDriverManager - Using chromedriver 86.0.4240.22 (since Chrome 86 is installed in your machine)
17:50:15  INFO: wdm.WebDriverManager - Exporting webdriver.chrome.driver as /Users/mohanrajmathavan/.m2/repository/webdriver/chromedriver/mac64/86.0.4240.22/chromedriver
17:50:16  INFO: stepdefinitions.MasterStepDefs - UI URL Fetched from POM Settings
17:50:16  INFO: stepdefinitions.MasterStepDefs - ApplicationUrl : http://awswrkshpalb-1570520390.us-west-2.elb.amazonaws.com:3000
17:50:29  INFO: stepdefinitions.MasterStepDefs - E-Shop Application - Create New Account Status - PASSED
17:50:29  INFO: stepdefinitions.MasterStepDefs - ######### Count of Passed #########
17:50:29  INFO: stepdefinitions.MasterStepDefs - 1
17:50:29  INFO: stepdefinitions.MasterStepDefs - ######### Count of passed #########
17:50:29  INFO: stepdefinitions.MasterStepDefs - Starting - Login to the E-Shop Application with Wrong Password
17:50:29  INFO: wdm.WebDriverManager - Please answer the following questionnaire based on your experience with WebDriverManager. Thanks a lot!
17:50:29  INFO: wdm.WebDriverManager - ====> http://tiny.cc/wdm-survey <====
17:50:29  INFO: wdm.WebDriverManager - Using chromedriver 86.0.4240.22 (since Chrome 86 is installed in your machine)
17:50:29  INFO: wdm.WebDriverManager - Exporting webdriver.chrome.driver as /Users/mohanrajmathavan/.m2/repository/webdriver/chromedriver/mac64/86.0.4240.22/chromedriver
17:50:30  INFO: stepdefinitions.MasterStepDefs - UI URL Fetched from POM Settings
17:50:30  INFO: stepdefinitions.MasterStepDefs - ApplicationUrl : http://awswrkshpalb-1570520390.us-west-2.elb.amazonaws.com:3000
17:50:39  INFO: stepdefinitions.MasterStepDefs - Login to the E-Shop Application with Wrong Password Status - PASSED
17:50:39  INFO: stepdefinitions.MasterStepDefs - ######### Count of Passed #########
17:50:39  INFO: stepdefinitions.MasterStepDefs - 2
17:50:39  INFO: stepdefinitions.MasterStepDefs - ######### Count of passed #########
17:50:39  INFO: stepdefinitions.MasterStepDefs - Starting - Search Product
17:50:39  INFO: wdm.WebDriverManager - Please answer the following questionnaire based on your experience with WebDriverManager. Thanks a lot!
17:50:39  INFO: wdm.WebDriverManager - ====> http://tiny.cc/wdm-survey <====
17:50:39  INFO: wdm.WebDriverManager - Using chromedriver 86.0.4240.22 (since Chrome 86 is installed in your machine)
17:50:39  INFO: wdm.WebDriverManager - Exporting webdriver.chrome.driver as /Users/mohanrajmathavan/.m2/repository/webdriver/chromedriver/mac64/86.0.4240.22/chromedriver
17:50:40  INFO: stepdefinitions.MasterStepDefs - UI URL Fetched from POM Settings
17:50:40  INFO: stepdefinitions.MasterStepDefs - ApplicationUrl : http://awswrkshpalb-1570520390.us-west-2.elb.amazonaws.com:3000
17:51:21  INFO: stepdefinitions.MasterStepDefs - Search Product Status - FAILED
17:51:21  INFO: stepdefinitions.MasterStepDefs - ######### Count of FAILED #########
17:51:21  INFO: stepdefinitions.MasterStepDefs - 1
17:51:21  INFO: stepdefinitions.MasterStepDefs - ######### Count of Failed #########
17:55:48  INFO: runner.TestsRunner - ########### INSIDE BEFORE CLASS ###########
17:55:49  INFO: stepdefinitions.MasterStepDefs - Starting - E-Shop Application - Create New Account
17:55:49  INFO: wdm.WebDriverManager - Please answer the following questionnaire based on your experience with WebDriverManager. Thanks a lot!
17:55:49  INFO: wdm.WebDriverManager - ====> http://tiny.cc/wdm-survey <====
17:55:49  INFO: wdm.WebDriverManager - Using chromedriver 86.0.4240.22 (since Chrome 86 is installed in your machine)
17:55:49  INFO: wdm.WebDriverManager - Exporting webdriver.chrome.driver as /Users/mohanrajmathavan/.m2/repository/webdriver/chromedriver/mac64/86.0.4240.22/chromedriver
17:55:50  INFO: stepdefinitions.MasterStepDefs - UI URL Fetched from POM Settings
17:55:50  INFO: stepdefinitions.MasterStepDefs - ApplicationUrl : http://awswrkshpalb-1570520390.us-west-2.elb.amazonaws.com:3000
17:56:34  INFO: stepdefinitions.MasterStepDefs - E-Shop Application - Create New Account Status - PASSED
17:56:34  INFO: stepdefinitions.MasterStepDefs - ######### Count of Passed #########
17:56:34  INFO: stepdefinitions.MasterStepDefs - 1
17:56:34  INFO: stepdefinitions.MasterStepDefs - ######### Count of passed #########
17:56:34  INFO: stepdefinitions.MasterStepDefs - Starting - Login to the E-Shop Application with Wrong Password
17:56:34  INFO: wdm.WebDriverManager - Please answer the following questionnaire based on your experience with WebDriverManager. Thanks a lot!
17:56:34  INFO: wdm.WebDriverManager - ====> http://tiny.cc/wdm-survey <====
17:56:34  INFO: wdm.WebDriverManager - Using chromedriver 86.0.4240.22 (since Chrome 86 is installed in your machine)
17:56:34  INFO: wdm.WebDriverManager - Exporting webdriver.chrome.driver as /Users/mohanrajmathavan/.m2/repository/webdriver/chromedriver/mac64/86.0.4240.22/chromedriver
17:56:35  INFO: stepdefinitions.MasterStepDefs - UI URL Fetched from POM Settings
17:56:35  INFO: stepdefinitions.MasterStepDefs - ApplicationUrl : http://awswrkshpalb-1570520390.us-west-2.elb.amazonaws.com:3000
17:56:47  INFO: stepdefinitions.MasterStepDefs - Login to the E-Shop Application with Wrong Password Status - PASSED
17:56:47  INFO: stepdefinitions.MasterStepDefs - ######### Count of Passed #########
17:56:47  INFO: stepdefinitions.MasterStepDefs - 2
17:56:47  INFO: stepdefinitions.MasterStepDefs - ######### Count of passed #########
17:56:47  INFO: stepdefinitions.MasterStepDefs - Starting - Search Product
17:56:47  INFO: wdm.WebDriverManager - Please answer the following questionnaire based on your experience with WebDriverManager. Thanks a lot!
17:56:47  INFO: wdm.WebDriverManager - ====> http://tiny.cc/wdm-survey <====
17:56:47  INFO: wdm.WebDriverManager - Using chromedriver 86.0.4240.22 (since Chrome 86 is installed in your machine)
17:56:47  INFO: wdm.WebDriverManager - Exporting webdriver.chrome.driver as /Users/mohanrajmathavan/.m2/repository/webdriver/chromedriver/mac64/86.0.4240.22/chromedriver
17:56:48  INFO: stepdefinitions.MasterStepDefs - UI URL Fetched from POM Settings
17:56:48  INFO: stepdefinitions.MasterStepDefs - ApplicationUrl : http://awswrkshpalb-1570520390.us-west-2.elb.amazonaws.com:3000
17:56:59  INFO: stepdefinitions.MasterStepDefs - Search Product Status - PASSED
17:56:59  INFO: stepdefinitions.MasterStepDefs - ######### Count of Passed #########
17:56:59  INFO: stepdefinitions.MasterStepDefs - 3
17:56:59  INFO: stepdefinitions.MasterStepDefs - ######### Count of passed #########
20:35:06  INFO: runner.TestsRunner - ########### INSIDE BEFORE CLASS ###########
20:35:06  INFO: stepdefinitions.MasterStepDefs - Starting - E-Shop Application - Create New Account
20:35:06  WARN: utils.ApacheUtils - NoSuchMethodException was thrown when disabling normalizeUri. This indicates you are using an old version (< 4.5.8) of Apache http client. It is recommended to use http client version >= 4.5.9 to avoid the breaking change introduced in apache client 4.5.7 and the latency in exception handling. See https://github.com/aws/aws-sdk-java/issues/1919 for more information
20:36:10  INFO: stepdefinitions.MasterStepDefs - UI URL Fetched from POM Settings
20:36:10  INFO: stepdefinitions.MasterStepDefs - ApplicationUrl : http://awswrkshpalb-1570520390.us-west-2.elb.amazonaws.com:3000
20:36:57  INFO: stepdefinitions.MasterStepDefs - E-Shop Application - Create New Account Status - PASSED
20:36:57  INFO: stepdefinitions.MasterStepDefs - ######### Count of Passed #########
20:36:57  INFO: stepdefinitions.MasterStepDefs - 1
20:36:57  INFO: stepdefinitions.MasterStepDefs - ######### Count of passed #########
